# JRE version: OpenJDK Runtime Environment Temurin-21.0.8+9 (21.0.8+9) (build 21.0.8+9-LTS)
# Java VM: OpenJDK 64-Bit Server VM Temurin-21.0.8+9 (21.0.8+9-LTS, mixed mode, sharing, tiered, compressed oops, compressed class ptrs, parallel gc, windows-amd64)
GC Precious Log:
 CardTable entry size: 512
 CPUs: 20 total, 20 available
 Memory: 14268M
 Large Page Support: Disabled
 NUMA Support: Disabled
 Compressed Oops: Enabled (32-bit)
 Alignments: Space 512K, Generation 512K, Heap 2M
 Heap Min Capacity: 100M
 Heap Initial Capacity: 100M
 Heap Max Capacity: 2G
 Pre-touch: Disabled
 Parallel Workers: 15
Heap:
 PSYoungGen      total 2560K, used 2400K [0x00000000d5580000, 0x00000000d5900000, 0x0000000100000000)
  eden space 2048K, 100% used [0x00000000d5580000,0x00000000d5780000,0x00000000d5780000)
  from space 512K, 68% used [0x00000000d5880000,0x00000000d58d8000,0x00000000d5900000)
  to   space 512K, 81% used [0x00000000d5800000,0x00000000d5868000,0x00000000d5880000)
 ParOldGen       total 1129472K, used 1128825K [0x0000000080000000, 0x00000000c4f00000, 0x00000000d5580000)
  object space 1129472K, 99% used [0x0000000080000000,0x00000000c4e5e528,0x00000000c4f00000)
 Metaspace       used 59858K, committed 61184K, reserved 1114112K
  class space    used 6060K, committed 6656K, reserved 1048576K
GC Heap History (20 events):
Event: 24.151 GC heap after
{Heap after GC invocations=492 (full 3):
 PSYoungGen      total 2560K, used 448K [0x00000000d5580000, 0x00000000d5900000, 0x0000000100000000)
  eden space 2048K, 0% used [0x00000000d5580000,0x00000000d5580000,0x00000000d5780000)
  from space 512K, 87% used [0x00000000d5880000,0x00000000d58f0000,0x00000000d5900000)
  to   space 512K, 0% used [0x00000000d5800000,0x00000000d5800000,0x00000000d5880000)
 ParOldGen       total 1105920K, used 1105662K [0x0000000080000000, 0x00000000c3800000, 0x00000000d5580000)
  object space 1105920K, 99% used [0x0000000080000000,0x00000000c37bfa30,0x00000000c3800000)
 Metaspace       used 59857K, committed 61184K, reserved 1114112K
  class space    used 6060K, committed 6656K, reserved 1048576K
}
Event: 24.161 GC heap before
{Heap before GC invocations=493 (full 3):
 PSYoungGen      total 2560K, used 2482K [0x00000000d5580000, 0x00000000d5900000, 0x0000000100000000)
  eden space 2048K, 99% used [0x00000000d5580000,0x00000000d577cab0,0x00000000d5780000)
  from space 512K, 87% used [0x00000000d5880000,0x00000000d58f0000,0x00000000d5900000)
  to   space 512K, 0% used [0x00000000d5800000,0x00000000d5800000,0x00000000d5880000)
 ParOldGen       total 1107456K, used 1107080K [0x0000000080000000, 0x00000000c3980000, 0x00000000d5580000)
  object space 1107456K, 99% used [0x0000000080000000,0x00000000c39220a8,0x00000000c3980000)
 Metaspace       used 59857K, committed 61184K, reserved 1114112K
  class space    used 6060K, committed 6656K, reserved 1048576K
}
Event: 24.163 GC heap after
{Heap after GC invocations=493 (full 3):
 PSYoungGen      total 2560K, used 480K [0x00000000d5580000, 0x00000000d5900000, 0x0000000100000000)
  eden space 2048K, 0% used [0x00000000d5580000,0x00000000d5580000,0x00000000d5780000)
  from space 512K, 93% used [0x00000000d5800000,0x00000000d5878000,0x00000000d5880000)
  to   space 512K, 0% used [0x00000000d5880000,0x00000000d5880000,0x00000000d5900000)
 ParOldGen       total 1107456K, used 1107334K [0x0000000080000000, 0x00000000c3980000, 0x00000000d5580000)
  object space 1107456K, 99% used [0x0000000080000000,0x00000000c3961940,0x00000000c3980000)
 Metaspace       used 59857K, committed 61184K, reserved 1114112K
  class space    used 6060K, committed 6656K, reserved 1048576K
}
Event: 24.181 GC heap before
{Heap before GC invocations=494 (full 3):
 PSYoungGen      total 2560K, used 2476K [0x00000000d5580000, 0x00000000d5900000, 0x0000000100000000)
  eden space 2048K, 97% used [0x00000000d5580000,0x00000000d5773390,0x00000000d5780000)
  from space 512K, 93% used [0x00000000d5800000,0x00000000d5878000,0x00000000d5880000)
  to   space 512K, 0% used [0x00000000d5880000,0x00000000d5880000,0x00000000d5900000)
 ParOldGen       total 1110528K, used 1110169K [0x0000000080000000, 0x00000000c3c80000, 0x00000000d5580000)
  object space 1110528K, 99% used [0x0000000080000000,0x00000000c3c26630,0x00000000c3c80000)
 Metaspace       used 59857K, committed 61184K, reserved 1114112K
  class space    used 6060K, committed 6656K, reserved 1048576K
}
Event: 24.183 GC heap after
{Heap after GC invocations=494 (full 3):
 PSYoungGen      total 2560K, used 384K [0x00000000d5580000, 0x00000000d5900000, 0x0000000100000000)
  eden space 2048K, 0% used [0x00000000d5580000,0x00000000d5580000,0x00000000d5780000)
  from space 512K, 75% used [0x00000000d5880000,0x00000000d58e0000,0x00000000d5900000)
  to   space 512K, 0% used [0x00000000d5800000,0x00000000d5800000,0x00000000d5880000)
 ParOldGen       total 1110528K, used 1110273K [0x0000000080000000, 0x00000000c3c80000, 0x00000000d5580000)
  object space 1110528K, 99% used [0x0000000080000000,0x00000000c3c40630,0x00000000c3c80000)
 Metaspace       used 59857K, committed 61184K, reserved 1114112K
  class space    used 6060K, committed 6656K, reserved 1048576K
}
Event: 24.193 GC heap before
{Heap before GC invocations=495 (full 3):
 PSYoungGen      total 2560K, used 2334K [0x00000000d5580000, 0x00000000d5900000, 0x0000000100000000)
  eden space 2048K, 95% used [0x00000000d5580000,0x00000000d5767a58,0x00000000d5780000)
  from space 512K, 75% used [0x00000000d5880000,0x00000000d58e0000,0x00000000d5900000)
  to   space 512K, 0% used [0x00000000d5800000,0x00000000d5800000,0x00000000d5880000)
 ParOldGen       total 1112064K, used 1111691K [0x0000000080000000, 0x00000000c3e00000, 0x00000000d5580000)
  object space 1112064K, 99% used [0x0000000080000000,0x00000000c3da2ca8,0x00000000c3e00000)
 Metaspace       used 59857K, committed 61184K, reserved 1114112K
  class space    used 6060K, committed 6656K, reserved 1048576K
}
Event: 24.196 GC heap after
{Heap after GC invocations=495 (full 3):
 PSYoungGen      total 2560K, used 384K [0x00000000d5580000, 0x00000000d5900000, 0x0000000100000000)
  eden space 2048K, 0% used [0x00000000d5580000,0x00000000d5580000,0x00000000d5780000)
  from space 512K, 75% used [0x00000000d5800000,0x00000000d5860000,0x00000000d5880000)
  to   space 512K, 0% used [0x00000000d5880000,0x00000000d5880000,0x00000000d5900000)
 ParOldGen       total 1112064K, used 1111803K [0x0000000080000000, 0x00000000c3e00000, 0x00000000d5580000)
  object space 1112064K, 99% used [0x0000000080000000,0x00000000c3dbeca8,0x00000000c3e00000)
 Metaspace       used 59857K, committed 61184K, reserved 1114112K
  class space    used 6060K, committed 6656K, reserved 1048576K
}
Event: 24.206 GC heap before
{Heap before GC invocations=496 (full 3):
 PSYoungGen      total 2560K, used 2333K [0x00000000d5580000, 0x00000000d5900000, 0x0000000100000000)
  eden space 2048K, 95% used [0x00000000d5580000,0x00000000d5767488,0x00000000d5780000)
  from space 512K, 75% used [0x00000000d5800000,0x00000000d5860000,0x00000000d5880000)
  to   space 512K, 0% used [0x00000000d5880000,0x00000000d5880000,0x00000000d5900000)
 ParOldGen       total 1113600K, used 1113220K [0x0000000080000000, 0x00000000c3f80000, 0x00000000d5580000)
  object space 1113600K, 99% used [0x0000000080000000,0x00000000c3f21320,0x00000000c3f80000)
 Metaspace       used 59857K, committed 61184K, reserved 1114112K
  class space    used 6060K, committed 6656K, reserved 1048576K
}
Event: 24.209 GC heap after
{Heap after GC invocations=496 (full 3):
 PSYoungGen      total 2560K, used 384K [0x00000000d5580000, 0x00000000d5900000, 0x0000000100000000)
  eden space 2048K, 0% used [0x00000000d5580000,0x00000000d5580000,0x00000000d5780000)
  from space 512K, 75% used [0x00000000d5880000,0x00000000d58e0000,0x00000000d5900000)
  to   space 512K, 0% used [0x00000000d5800000,0x00000000d5800000,0x00000000d5880000)
 ParOldGen       total 1113600K, used 1113324K [0x0000000080000000, 0x00000000c3f80000, 0x00000000d5580000)
  object space 1113600K, 99% used [0x0000000080000000,0x00000000c3f3b320,0x00000000c3f80000)
 Metaspace       used 59857K, committed 61184K, reserved 1114112K
  class space    used 6060K, committed 6656K, reserved 1048576K
}
Event: 24.220 GC heap before
{Heap before GC invocations=497 (full 3):
 PSYoungGen      total 2560K, used 2432K [0x00000000d5580000, 0x00000000d5900000, 0x0000000100000000)
  eden space 2048K, 100% used [0x00000000d5580000,0x00000000d5780000,0x00000000d5780000)
  from space 512K, 75% used [0x00000000d5880000,0x00000000d58e0000,0x00000000d5900000)
  to   space 512K, 0% used [0x00000000d5800000,0x00000000d5800000,0x00000000d5880000)
 ParOldGen       total 1115136K, used 1114742K [0x0000000080000000, 0x00000000c4100000, 0x00000000d5580000)
  object space 1115136K, 99% used [0x0000000080000000,0x00000000c409d998,0x00000000c4100000)
 Metaspace       used 59857K, committed 61184K, reserved 1114112K
  class space    used 6060K, committed 6656K, reserved 1048576K
}
Event: 24.222 GC heap after
{Heap after GC invocations=497 (full 3):
 PSYoungGen      total 2560K, used 502K [0x00000000d5580000, 0x00000000d5980000, 0x0000000100000000)
  eden space 2048K, 0% used [0x00000000d5580000,0x00000000d5580000,0x00000000d5780000)
  from space 512K, 98% used [0x00000000d5800000,0x00000000d587d898,0x00000000d5880000)
  to   space 1024K, 0% used [0x00000000d5880000,0x00000000d5880000,0x00000000d5980000)
 ParOldGen       total 1115136K, used 1114846K [0x0000000080000000, 0x00000000c4100000, 0x00000000d5580000)
  object space 1115136K, 99% used [0x0000000080000000,0x00000000c40b7998,0x00000000c4100000)
 Metaspace       used 59857K, committed 61184K, reserved 1114112K
  class space    used 6060K, committed 6656K, reserved 1048576K
}
Event: 24.236 GC heap before
{Heap before GC invocations=498 (full 3):
 PSYoungGen      total 2560K, used 2493K [0x00000000d5580000, 0x00000000d5980000, 0x0000000100000000)
  eden space 2048K, 97% used [0x00000000d5580000,0x00000000d5771f18,0x00000000d5780000)
  from space 512K, 98% used [0x00000000d5800000,0x00000000d587d898,0x00000000d5880000)
  to   space 1024K, 0% used [0x00000000d5880000,0x00000000d5880000,0x00000000d5980000)
 ParOldGen       total 1118208K, used 1117681K [0x0000000080000000, 0x00000000c4400000, 0x00000000d5580000)
  object space 1118208K, 99% used [0x0000000080000000,0x00000000c437c688,0x00000000c4400000)
 Metaspace       used 59857K, committed 61184K, reserved 1114112K
  class space    used 6060K, committed 6656K, reserved 1048576K
}
Event: 24.238 GC heap after
{Heap after GC invocations=498 (full 3):
 PSYoungGen      total 2560K, used 448K [0x00000000d5580000, 0x00000000d5900000, 0x0000000100000000)
  eden space 2048K, 0% used [0x00000000d5580000,0x00000000d5580000,0x00000000d5780000)
  from space 512K, 87% used [0x00000000d5880000,0x00000000d58f0000,0x00000000d5900000)
  to   space 512K, 0% used [0x00000000d5800000,0x00000000d5800000,0x00000000d5880000)
 ParOldGen       total 1118208K, used 1117777K [0x0000000080000000, 0x00000000c4400000, 0x00000000d5580000)
  object space 1118208K, 99% used [0x0000000080000000,0x00000000c4394688,0x00000000c4400000)
 Metaspace       used 59857K, committed 61184K, reserved 1114112K
  class space    used 6060K, committed 6656K, reserved 1048576K
}
Event: 24.254 GC heap before
{Heap before GC invocations=499 (full 3):
 PSYoungGen      total 2560K, used 2486K [0x00000000d5580000, 0x00000000d5900000, 0x0000000100000000)
  eden space 2048K, 99% used [0x00000000d5580000,0x00000000d577d850,0x00000000d5780000)
  from space 512K, 87% used [0x00000000d5880000,0x00000000d58f0000,0x00000000d5900000)
  to   space 512K, 0% used [0x00000000d5800000,0x00000000d5800000,0x00000000d5880000)
 ParOldGen       total 1121792K, used 1120944K [0x0000000080000000, 0x00000000c4780000, 0x00000000d5580000)
  object space 1121792K, 99% used [0x0000000080000000,0x00000000c46ac2b0,0x00000000c4780000)
 Metaspace       used 59858K, committed 61184K, reserved 1114112K
  class space    used 6060K, committed 6656K, reserved 1048576K
}
Event: 24.258 GC heap after
{Heap after GC invocations=499 (full 3):
 PSYoungGen      total 2560K, used 448K [0x00000000d5580000, 0x00000000d5900000, 0x0000000100000000)
  eden space 2048K, 0% used [0x00000000d5580000,0x00000000d5580000,0x00000000d5780000)
  from space 512K, 87% used [0x00000000d5800000,0x00000000d5870000,0x00000000d5880000)
  to   space 512K, 0% used [0x00000000d5880000,0x00000000d5880000,0x00000000d5900000)
 ParOldGen       total 1124864K, used 1123907K [0x0000000080000000, 0x00000000c4a80000, 0x00000000d5580000)
  object space 1124864K, 99% used [0x0000000080000000,0x00000000c4990fa0,0x00000000c4a80000)
 Metaspace       used 59858K, committed 61184K, reserved 1114112K
  class space    used 6060K, committed 6656K, reserved 1048576K
}
Event: 24.269 GC heap before
{Heap before GC invocations=500 (full 3):
 PSYoungGen      total 2560K, used 2491K [0x00000000d5580000, 0x00000000d5900000, 0x0000000100000000)
  eden space 2048K, 99% used [0x00000000d5580000,0x00000000d577efc8,0x00000000d5780000)
  from space 512K, 87% used [0x00000000d5800000,0x00000000d5870000,0x00000000d5880000)
  to   space 512K, 0% used [0x00000000d5880000,0x00000000d5880000,0x00000000d5900000)
 ParOldGen       total 1126400K, used 1125325K [0x0000000080000000, 0x00000000c4c00000, 0x00000000d5580000)
  object space 1126400K, 99% used [0x0000000080000000,0x00000000c4af3618,0x00000000c4c00000)
 Metaspace       used 59858K, committed 61184K, reserved 1114112K
  class space    used 6060K, committed 6656K, reserved 1048576K
}
Event: 24.272 GC heap after
{Heap after GC invocations=500 (full 3):
 PSYoungGen      total 2560K, used 502K [0x00000000d5580000, 0x00000000d5980000, 0x0000000100000000)
  eden space 2048K, 0% used [0x00000000d5580000,0x00000000d5580000,0x00000000d5780000)
  from space 512K, 98% used [0x00000000d5880000,0x00000000d58fd898,0x00000000d5900000)
  to   space 1024K, 0% used [0x00000000d5780000,0x00000000d5780000,0x00000000d5880000)
 ParOldGen       total 1126400K, used 1125437K [0x0000000080000000, 0x00000000c4c00000, 0x00000000d5580000)
  object space 1126400K, 99% used [0x0000000080000000,0x00000000c4b0f618,0x00000000c4c00000)
 Metaspace       used 59858K, committed 61184K, reserved 1114112K
  class space    used 6060K, committed 6656K, reserved 1048576K
}
Event: 24.280 GC heap before
{Heap before GC invocations=501 (full 3):
 PSYoungGen      total 2560K, used 2550K [0x00000000d5580000, 0x00000000d5980000, 0x0000000100000000)
  eden space 2048K, 100% used [0x00000000d5580000,0x00000000d5780000,0x00000000d5780000)
  from space 512K, 98% used [0x00000000d5880000,0x00000000d58fd898,0x00000000d5900000)
  to   space 1024K, 0% used [0x00000000d5780000,0x00000000d5780000,0x00000000d5880000)
 ParOldGen       total 1126400K, used 1125437K [0x0000000080000000, 0x00000000c4c00000, 0x00000000d5580000)
  object space 1126400K, 99% used [0x0000000080000000,0x00000000c4b0f618,0x00000000c4c00000)
 Metaspace       used 59858K, committed 61184K, reserved 1114112K
  class space    used 6060K, committed 6656K, reserved 1048576K
}
Event: 24.283 GC heap after
{Heap after GC invocations=501 (full 3):
 PSYoungGen      total 3072K, used 448K [0x00000000d5580000, 0x00000000d5900000, 0x0000000100000000)
  eden space 2048K, 0% used [0x00000000d5580000,0x00000000d5580000,0x00000000d5780000)
  from space 1024K, 43% used [0x00000000d5780000,0x00000000d57f0000,0x00000000d5880000)
  to   space 512K, 0% used [0x00000000d5880000,0x00000000d5880000,0x00000000d5900000)
 ParOldGen       total 1126400K, used 1125541K [0x0000000080000000, 0x00000000c4c00000, 0x00000000d5580000)
  object space 1126400K, 99% used [0x0000000080000000,0x00000000c4b29618,0x00000000c4c00000)
 Metaspace       used 59858K, committed 61184K, reserved 1114112K
  class space    used 6060K, committed 6656K, reserved 1048576K
}
Event: 24.296 GC heap before
{Heap before GC invocations=502 (full 3):
 PSYoungGen      total 3072K, used 2464K [0x00000000d5580000, 0x00000000d5900000, 0x0000000100000000)
  eden space 2048K, 98% used [0x00000000d5580000,0x00000000d57783e8,0x00000000d5780000)
  from space 1024K, 43% used [0x00000000d5780000,0x00000000d57f0000,0x00000000d5880000)
  to   space 512K, 0% used [0x00000000d5880000,0x00000000d5880000,0x00000000d5900000)
 ParOldGen       total 1129472K, used 1128376K [0x0000000080000000, 0x00000000c4f00000, 0x00000000d5580000)
  object space 1129472K, 99% used [0x0000000080000000,0x00000000c4dee308,0x00000000c4f00000)
 Metaspace       used 59858K, committed 61184K, reserved 1114112K
  class space    used 6060K, committed 6656K, reserved 1048576K
}

