# JRE version: OpenJDK Runtime Environment Zulu17.60+17-CA (17.0.16+8) (build 17.0.16+8-LTS)
# Java VM: OpenJDK 64-Bit Server VM Zulu17.60+17-CA (17.0.16+8-LTS, mixed mode, sharing, tiered, compressed oops, compressed class ptrs, g1 gc, windows-amd64)
GC Precious Log:
 CPUs: 20 total, 20 available
 Memory: 16316M
 Large Page Support: Disabled
 NUMA Support: Disabled
 Compressed Oops: Enabled (Zero based)
 Heap Region Size: 2M
 Heap Min Capacity: 8M
 Heap Initial Capacity: 256M
 Heap Max Capacity: 4G
 Pre-touch: Disabled
 Parallel Workers: 15
 Concurrent Workers: 4
 Concurrent Refinement Workers: 15
 Periodic GC: Disabled
Heap:
 garbage-first heap   total 428032K, used 245041K [0x0000000700000000, 0x0000000800000000)
  region size 2048K, 2 young (4096K), 2 survivors (4096K)
 Metaspace       used 78893K, committed 79552K, reserved 1179648K
  class space    used 10747K, committed 11072K, reserved 1048576K
GC Heap History (20 events):
Event: 60.145 GC heap after
{Heap after GC invocations=43 (full 1):
 garbage-first heap   total 161792K, used 97645K [0x0000000700000000, 0x0000000800000000)
  region size 2048K, 2 young (4096K), 2 survivors (4096K)
 Metaspace       used 74402K, committed 75136K, reserved 1114112K
  class space    used 10317K, committed 10688K, reserved 1048576K
}
Event: 60.391 GC heap before
{Heap before GC invocations=44 (full 1):
 garbage-first heap   total 174080K, used 122221K [0x0000000700000000, 0x0000000800000000)
  region size 2048K, 15 young (30720K), 2 survivors (4096K)
 Metaspace       used 74445K, committed 75200K, reserved 1114112K
  class space    used 10317K, committed 10688K, reserved 1048576K
}
Event: 60.400 GC heap after
{Heap after GC invocations=45 (full 1):
 garbage-first heap   total 174080K, used 101859K [0x0000000700000000, 0x0000000800000000)
  region size 2048K, 2 young (4096K), 2 survivors (4096K)
 Metaspace       used 74445K, committed 75200K, reserved 1114112K
  class space    used 10317K, committed 10688K, reserved 1048576K
}
Event: 60.442 GC heap before
{Heap before GC invocations=45 (full 1):
 garbage-first heap   total 174080K, used 105955K [0x0000000700000000, 0x0000000800000000)
  region size 2048K, 4 young (8192K), 2 survivors (4096K)
 Metaspace       used 74450K, committed 75200K, reserved 1114112K
  class space    used 10317K, committed 10688K, reserved 1048576K
}
Event: 60.449 GC heap after
{Heap after GC invocations=46 (full 1):
 garbage-first heap   total 174080K, used 103166K [0x0000000700000000, 0x0000000800000000)
  region size 2048K, 1 young (2048K), 1 survivors (2048K)
 Metaspace       used 74450K, committed 75200K, reserved 1114112K
  class space    used 10317K, committed 10688K, reserved 1048576K
}
Event: 60.842 GC heap before
{Heap before GC invocations=46 (full 1):
 garbage-first heap   total 174080K, used 131838K [0x0000000700000000, 0x0000000800000000)
  region size 2048K, 16 young (32768K), 1 survivors (2048K)
 Metaspace       used 74690K, committed 75392K, reserved 1114112K
  class space    used 10347K, committed 10688K, reserved 1048576K
}
Event: 60.851 GC heap after
{Heap after GC invocations=47 (full 1):
 garbage-first heap   total 382976K, used 111167K [0x0000000700000000, 0x0000000800000000)
  region size 2048K, 2 young (4096K), 2 survivors (4096K)
 Metaspace       used 74690K, committed 75392K, reserved 1114112K
  class space    used 10347K, committed 10688K, reserved 1048576K
}
Event: 63.516 GC heap before
{Heap before GC invocations=48 (full 1):
 garbage-first heap   total 382976K, used 262719K [0x0000000700000000, 0x0000000800000000)
  region size 2048K, 73 young (149504K), 2 survivors (4096K)
 Metaspace       used 75642K, committed 76416K, reserved 1179648K
  class space    used 10425K, committed 10816K, reserved 1048576K
}
Event: 63.548 GC heap after
{Heap after GC invocations=49 (full 1):
 garbage-first heap   total 382976K, used 150485K [0x0000000700000000, 0x0000000800000000)
  region size 2048K, 10 young (20480K), 10 survivors (20480K)
 Metaspace       used 75642K, committed 76416K, reserved 1179648K
  class space    used 10425K, committed 10816K, reserved 1048576K
}
Event: 63.554 GC heap before
{Heap before GC invocations=49 (full 1):
 garbage-first heap   total 382976K, used 152533K [0x0000000700000000, 0x0000000800000000)
  region size 2048K, 11 young (22528K), 10 survivors (20480K)
 Metaspace       used 75642K, committed 76416K, reserved 1179648K
  class space    used 10425K, committed 10816K, reserved 1048576K
}
Event: 63.571 GC heap after
{Heap after GC invocations=50 (full 1):
 garbage-first heap   total 382976K, used 153870K [0x0000000700000000, 0x0000000800000000)
  region size 2048K, 2 young (4096K), 2 survivors (4096K)
 Metaspace       used 75642K, committed 76416K, reserved 1179648K
  class space    used 10425K, committed 10816K, reserved 1048576K
}
Event: 65.168 GC heap before
{Heap before GC invocations=50 (full 1):
 garbage-first heap   total 382976K, used 272654K [0x0000000700000000, 0x0000000800000000)
  region size 2048K, 60 young (122880K), 2 survivors (4096K)
 Metaspace       used 78025K, committed 78720K, reserved 1179648K
  class space    used 10676K, committed 11008K, reserved 1048576K
}
Event: 65.199 GC heap after
{Heap after GC invocations=51 (full 1):
 garbage-first heap   total 382976K, used 189483K [0x0000000700000000, 0x0000000800000000)
  region size 2048K, 8 young (16384K), 8 survivors (16384K)
 Metaspace       used 78025K, committed 78720K, reserved 1179648K
  class space    used 10676K, committed 11008K, reserved 1048576K
}
Event: 65.517 GC heap before
{Heap before GC invocations=51 (full 1):
 garbage-first heap   total 382976K, used 275499K [0x0000000700000000, 0x0000000800000000)
  region size 2048K, 50 young (102400K), 8 survivors (16384K)
 Metaspace       used 78060K, committed 78720K, reserved 1179648K
  class space    used 10678K, committed 11008K, reserved 1048576K
}
Event: 65.549 GC heap after
{Heap after GC invocations=52 (full 1):
 garbage-first heap   total 382976K, used 219475K [0x0000000700000000, 0x0000000800000000)
  region size 2048K, 7 young (14336K), 7 survivors (14336K)
 Metaspace       used 78060K, committed 78720K, reserved 1179648K
  class space    used 10678K, committed 11008K, reserved 1048576K
}
Event: 65.693 GC heap before
{Heap before GC invocations=52 (full 1):
 garbage-first heap   total 382976K, used 287059K [0x0000000700000000, 0x0000000800000000)
  region size 2048K, 40 young (81920K), 7 survivors (14336K)
 Metaspace       used 78067K, committed 78784K, reserved 1179648K
  class space    used 10678K, committed 11008K, reserved 1048576K
}
Event: 65.714 GC heap after
{Heap after GC invocations=53 (full 1):
 garbage-first heap   total 382976K, used 232320K [0x0000000700000000, 0x0000000800000000)
  region size 2048K, 5 young (10240K), 5 survivors (10240K)
 Metaspace       used 78067K, committed 78784K, reserved 1179648K
  class space    used 10678K, committed 11008K, reserved 1048576K
}
Event: 66.903 GC heap before
{Heap before GC invocations=54 (full 1):
 garbage-first heap   total 428032K, used 297856K [0x0000000700000000, 0x0000000800000000)
  region size 2048K, 37 young (75776K), 5 survivors (10240K)
 Metaspace       used 78892K, committed 79552K, reserved 1179648K
  class space    used 10747K, committed 11072K, reserved 1048576K
}
Event: 66.921 GC heap after
{Heap after GC invocations=55 (full 1):
 garbage-first heap   total 428032K, used 243745K [0x0000000700000000, 0x0000000800000000)
  region size 2048K, 5 young (10240K), 5 survivors (10240K)
 Metaspace       used 78892K, committed 79552K, reserved 1179648K
  class space    used 10747K, committed 11072K, reserved 1048576K
}
Event: 67.000 GC heap before
{Heap before GC invocations=55 (full 1):
 garbage-first heap   total 428032K, used 251937K [0x0000000700000000, 0x0000000800000000)
  region size 2048K, 10 young (20480K), 5 survivors (10240K)
 Metaspace       used 78893K, committed 79552K, reserved 1179648K
  class space    used 10747K, committed 11072K, reserved 1048576K
}

