# JRE version: OpenJDK Runtime Environment Temurin-21.0.8+9 (21.0.8+9) (build 21.0.8+9-LTS)
# Java VM: OpenJDK 64-Bit Server VM Temurin-21.0.8+9 (21.0.8+9-LTS, mixed mode, sharing, tiered, compressed oops, compressed class ptrs, parallel gc, windows-amd64)
GC Precious Log:
 CardTable entry size: 512
 CPUs: 20 total, 20 available
 Memory: 14268M
 Large Page Support: Disabled
 NUMA Support: Disabled
 Compressed Oops: Enabled (32-bit)
 Alignments: Space 512K, Generation 512K, Heap 2M
 Heap Min Capacity: 100M
 Heap Initial Capacity: 100M
 Heap Max Capacity: 2G
 Pre-touch: Disabled
 Parallel Workers: 15
Heap:
 PSYoungGen      total 6656K, used 6495K [0x00000000d5580000, 0x00000000d5d00000, 0x0000000100000000)
  eden space 6144K, 99% used [0x00000000d5580000,0x00000000d5b7fe28,0x00000000d5b80000)
  from space 512K, 68% used [0x00000000d5c00000,0x00000000d5c58000,0x00000000d5c80000)
  to   space 512K, 83% used [0x00000000d5c80000,0x00000000d5ceb6c0,0x00000000d5d00000)
 ParOldGen       total 1342976K, used 1342620K [0x0000000080000000, 0x00000000d1f80000, 0x00000000d5580000)
  object space 1342976K, 99% used [0x0000000080000000,0x00000000d1f27068,0x00000000d1f80000)
 Metaspace       used 62594K, committed 64000K, reserved 1114112K
  class space    used 6292K, committed 6912K, reserved 1048576K
GC Heap History (20 events):
Event: 118.268 GC heap before
{Heap before GC invocations=1041 (full 3):
 PSYoungGen      total 7168K, used 7136K [0x00000000d5580000, 0x00000000d5e80000, 0x0000000100000000)
  eden space 6656K, 100% used [0x00000000d5580000,0x00000000d5c00000,0x00000000d5c00000)
  from space 512K, 93% used [0x00000000d5d80000,0x00000000d5df8000,0x00000000d5e00000)
  to   space 512K, 0% used [0x00000000d5e00000,0x00000000d5e00000,0x00000000d5e80000)
 ParOldGen       total 1282560K, used 1282158K [0x0000000080000000, 0x00000000ce480000, 0x00000000d5580000)
  object space 1282560K, 99% used [0x0000000080000000,0x00000000ce41ba88,0x00000000ce480000)
 Metaspace       used 62399K, committed 63808K, reserved 1114112K
  class space    used 6292K, committed 6912K, reserved 1048576K
}
Event: 118.270 GC heap after
{Heap after GC invocations=1041 (full 3):
 PSYoungGen      total 7168K, used 512K [0x00000000d5580000, 0x00000000d5f00000, 0x0000000100000000)
  eden space 6656K, 0% used [0x00000000d5580000,0x00000000d5580000,0x00000000d5c00000)
  from space 512K, 100% used [0x00000000d5e00000,0x00000000d5e80000,0x00000000d5e80000)
  to   space 1536K, 0% used [0x00000000d5c00000,0x00000000d5c00000,0x00000000d5d80000)
 ParOldGen       total 1283072K, used 1282606K [0x0000000080000000, 0x00000000ce500000, 0x00000000d5580000)
  object space 1283072K, 99% used [0x0000000080000000,0x00000000ce48bad8,0x00000000ce500000)
 Metaspace       used 62399K, committed 63808K, reserved 1114112K
  class space    used 6292K, committed 6912K, reserved 1048576K
}
Event: 118.337 GC heap before
{Heap before GC invocations=1042 (full 3):
 PSYoungGen      total 7168K, used 7168K [0x00000000d5580000, 0x00000000d5f00000, 0x0000000100000000)
  eden space 6656K, 100% used [0x00000000d5580000,0x00000000d5c00000,0x00000000d5c00000)
  from space 512K, 100% used [0x00000000d5e00000,0x00000000d5e80000,0x00000000d5e80000)
  to   space 1536K, 0% used [0x00000000d5c00000,0x00000000d5c00000,0x00000000d5d80000)
 ParOldGen       total 1283072K, used 1282606K [0x0000000080000000, 0x00000000ce500000, 0x00000000d5580000)
  object space 1283072K, 99% used [0x0000000080000000,0x00000000ce48bad8,0x00000000ce500000)
 Metaspace       used 62424K, committed 63872K, reserved 1114112K
  class space    used 6292K, committed 6912K, reserved 1048576K
}
Event: 118.340 GC heap after
{Heap after GC invocations=1042 (full 3):
 PSYoungGen      total 8192K, used 752K [0x00000000d5580000, 0x00000000d5e80000, 0x0000000100000000)
  eden space 6656K, 0% used [0x00000000d5580000,0x00000000d5580000,0x00000000d5c00000)
  from space 1536K, 48% used [0x00000000d5c00000,0x00000000d5cbc010,0x00000000d5d80000)
  to   space 1024K, 0% used [0x00000000d5d80000,0x00000000d5d80000,0x00000000d5e80000)
 ParOldGen       total 1283584K, used 1283158K [0x0000000080000000, 0x00000000ce580000, 0x00000000d5580000)
  object space 1283584K, 99% used [0x0000000080000000,0x00000000ce515af8,0x00000000ce580000)
 Metaspace       used 62424K, committed 63872K, reserved 1114112K
  class space    used 6292K, committed 6912K, reserved 1048576K
}
Event: 118.415 GC heap before
{Heap before GC invocations=1043 (full 3):
 PSYoungGen      total 8192K, used 4273K [0x00000000d5580000, 0x00000000d5e80000, 0x0000000100000000)
  eden space 6656K, 52% used [0x00000000d5580000,0x00000000d58f04a0,0x00000000d5c00000)
  from space 1536K, 48% used [0x00000000d5c00000,0x00000000d5cbc010,0x00000000d5d80000)
  to   space 1024K, 0% used [0x00000000d5d80000,0x00000000d5d80000,0x00000000d5e80000)
 ParOldGen       total 1283584K, used 1283158K [0x0000000080000000, 0x00000000ce580000, 0x00000000d5580000)
  object space 1283584K, 99% used [0x0000000080000000,0x00000000ce515af8,0x00000000ce580000)
 Metaspace       used 62515K, committed 63936K, reserved 1114112K
  class space    used 6292K, committed 6912K, reserved 1048576K
}
Event: 118.419 GC heap after
{Heap after GC invocations=1043 (full 3):
 PSYoungGen      total 7168K, used 992K [0x00000000d5580000, 0x00000000d6000000, 0x0000000100000000)
  eden space 6144K, 0% used [0x00000000d5580000,0x00000000d5580000,0x00000000d5b80000)
  from space 1024K, 96% used [0x00000000d5d80000,0x00000000d5e78020,0x00000000d5e80000)
  to   space 2048K, 0% used [0x00000000d5b80000,0x00000000d5b80000,0x00000000d5d80000)
 ParOldGen       total 1284096K, used 1283710K [0x0000000080000000, 0x00000000ce600000, 0x00000000d5580000)
  object space 1284096K, 99% used [0x0000000080000000,0x00000000ce59fbb8,0x00000000ce600000)
 Metaspace       used 62515K, committed 63936K, reserved 1114112K
  class space    used 6292K, committed 6912K, reserved 1048576K
}
Event: 118.476 GC heap before
{Heap before GC invocations=1044 (full 3):
 PSYoungGen      total 7168K, used 7136K [0x00000000d5580000, 0x00000000d6000000, 0x0000000100000000)
  eden space 6144K, 100% used [0x00000000d5580000,0x00000000d5b80000,0x00000000d5b80000)
  from space 1024K, 96% used [0x00000000d5d80000,0x00000000d5e78020,0x00000000d5e80000)
  to   space 2048K, 0% used [0x00000000d5b80000,0x00000000d5b80000,0x00000000d5d80000)
 ParOldGen       total 1287680K, used 1286877K [0x0000000080000000, 0x00000000ce980000, 0x00000000d5580000)
  object space 1287680K, 99% used [0x0000000080000000,0x00000000ce8b77e0,0x00000000ce980000)
 Metaspace       used 62517K, committed 63936K, reserved 1114112K
  class space    used 6292K, committed 6912K, reserved 1048576K
}
Event: 118.479 GC heap after
{Heap after GC invocations=1044 (full 3):
 PSYoungGen      total 7168K, used 752K [0x00000000d5580000, 0x00000000d5e80000, 0x0000000100000000)
  eden space 6144K, 0% used [0x00000000d5580000,0x00000000d5580000,0x00000000d5b80000)
  from space 1024K, 73% used [0x00000000d5b80000,0x00000000d5c3c010,0x00000000d5c80000)
  to   space 1536K, 0% used [0x00000000d5d00000,0x00000000d5d00000,0x00000000d5e80000)
 ParOldGen       total 1288192K, used 1287726K [0x0000000080000000, 0x00000000cea00000, 0x00000000d5580000)
  object space 1288192K, 99% used [0x0000000080000000,0x00000000ce98b840,0x00000000cea00000)
 Metaspace       used 62517K, committed 63936K, reserved 1114112K
  class space    used 6292K, committed 6912K, reserved 1048576K
}
Event: 118.558 GC heap before
{Heap before GC invocations=1045 (full 3):
 PSYoungGen      total 7168K, used 6896K [0x00000000d5580000, 0x00000000d5e80000, 0x0000000100000000)
  eden space 6144K, 100% used [0x00000000d5580000,0x00000000d5b80000,0x00000000d5b80000)
  from space 1024K, 73% used [0x00000000d5b80000,0x00000000d5c3c010,0x00000000d5c80000)
  to   space 1536K, 0% used [0x00000000d5d00000,0x00000000d5d00000,0x00000000d5e80000)
 ParOldGen       total 1298944K, used 1297227K [0x0000000080000000, 0x00000000cf480000, 0x00000000d5580000)
  object space 1298944K, 99% used [0x0000000080000000,0x00000000cf2d2cb8,0x00000000cf480000)
 Metaspace       used 62520K, committed 63936K, reserved 1114112K
  class space    used 6292K, committed 6912K, reserved 1048576K
}
Event: 118.563 GC heap after
{Heap after GC invocations=1045 (full 3):
 PSYoungGen      total 7168K, used 608K [0x00000000d5580000, 0x00000000d5e00000, 0x0000000100000000)
  eden space 6144K, 0% used [0x00000000d5580000,0x00000000d5580000,0x00000000d5b80000)
  from space 1024K, 59% used [0x00000000d5d00000,0x00000000d5d98020,0x00000000d5e00000)
  to   space 1024K, 0% used [0x00000000d5b80000,0x00000000d5b80000,0x00000000d5c80000)
 ParOldGen       total 1298944K, used 1297699K [0x0000000080000000, 0x00000000cf480000, 0x00000000d5580000)
  object space 1298944K, 99% used [0x0000000080000000,0x00000000cf348cf8,0x00000000cf480000)
 Metaspace       used 62520K, committed 63936K, reserved 1114112K
  class space    used 6292K, committed 6912K, reserved 1048576K
}
Event: 118.634 GC heap before
{Heap before GC invocations=1046 (full 3):
 PSYoungGen      total 7168K, used 6523K [0x00000000d5580000, 0x00000000d5e00000, 0x0000000100000000)
  eden space 6144K, 96% used [0x00000000d5580000,0x00000000d5b46d28,0x00000000d5b80000)
  from space 1024K, 59% used [0x00000000d5d00000,0x00000000d5d98020,0x00000000d5e00000)
  to   space 1024K, 0% used [0x00000000d5b80000,0x00000000d5b80000,0x00000000d5c80000)
 ParOldGen       total 1309696K, used 1307200K [0x0000000080000000, 0x00000000cff00000, 0x00000000d5580000)
  object space 1309696K, 99% used [0x0000000080000000,0x00000000cfc90170,0x00000000cff00000)
 Metaspace       used 62526K, committed 63936K, reserved 1114112K
  class space    used 6292K, committed 6912K, reserved 1048576K
}
Event: 118.637 GC heap after
{Heap after GC invocations=1046 (full 3):
 PSYoungGen      total 7168K, used 512K [0x00000000d5580000, 0x00000000d5d80000, 0x0000000100000000)
  eden space 6144K, 0% used [0x00000000d5580000,0x00000000d5580000,0x00000000d5b80000)
  from space 1024K, 50% used [0x00000000d5b80000,0x00000000d5c00000,0x00000000d5c80000)
  to   space 1024K, 0% used [0x00000000d5c80000,0x00000000d5c80000,0x00000000d5d80000)
 ParOldGen       total 1309696K, used 1307560K [0x0000000080000000, 0x00000000cff00000, 0x00000000d5580000)
  object space 1309696K, 99% used [0x0000000080000000,0x00000000cfcea1b0,0x00000000cff00000)
 Metaspace       used 62526K, committed 63936K, reserved 1114112K
  class space    used 6292K, committed 6912K, reserved 1048576K
}
Event: 118.704 GC heap before
{Heap before GC invocations=1047 (full 3):
 PSYoungGen      total 7168K, used 6656K [0x00000000d5580000, 0x00000000d5d80000, 0x0000000100000000)
  eden space 6144K, 100% used [0x00000000d5580000,0x00000000d5b80000,0x00000000d5b80000)
  from space 1024K, 50% used [0x00000000d5b80000,0x00000000d5c00000,0x00000000d5c80000)
  to   space 1024K, 0% used [0x00000000d5c80000,0x00000000d5c80000,0x00000000d5d80000)
 ParOldGen       total 1324032K, used 1323395K [0x0000000080000000, 0x00000000d0d00000, 0x00000000d5580000)
  object space 1324032K, 99% used [0x0000000080000000,0x00000000d0c60e78,0x00000000d0d00000)
 Metaspace       used 62526K, committed 63936K, reserved 1114112K
  class space    used 6292K, committed 6912K, reserved 1048576K
}
Event: 118.707 GC heap after
{Heap after GC invocations=1047 (full 3):
 PSYoungGen      total 6656K, used 480K [0x00000000d5580000, 0x00000000d5d00000, 0x0000000100000000)
  eden space 6144K, 0% used [0x00000000d5580000,0x00000000d5580000,0x00000000d5b80000)
  from space 512K, 93% used [0x00000000d5c80000,0x00000000d5cf8000,0x00000000d5d00000)
  to   space 512K, 0% used [0x00000000d5c00000,0x00000000d5c00000,0x00000000d5c80000)
 ParOldGen       total 1324032K, used 1323664K [0x0000000080000000, 0x00000000d0d00000, 0x00000000d5580000)
  object space 1324032K, 99% used [0x0000000080000000,0x00000000d0ca40c8,0x00000000d0d00000)
 Metaspace       used 62526K, committed 63936K, reserved 1114112K
  class space    used 6292K, committed 6912K, reserved 1048576K
}
Event: 118.791 GC heap before
{Heap before GC invocations=1048 (full 3):
 PSYoungGen      total 6656K, used 6624K [0x00000000d5580000, 0x00000000d5d00000, 0x0000000100000000)
  eden space 6144K, 100% used [0x00000000d5580000,0x00000000d5b80000,0x00000000d5b80000)
  from space 512K, 93% used [0x00000000d5c80000,0x00000000d5cf8000,0x00000000d5d00000)
  to   space 512K, 0% used [0x00000000d5c00000,0x00000000d5c00000,0x00000000d5c80000)
 ParOldGen       total 1331200K, used 1329998K [0x0000000080000000, 0x00000000d1400000, 0x00000000d5580000)
  object space 1331200K, 99% used [0x0000000080000000,0x00000000d12d3918,0x00000000d1400000)
 Metaspace       used 62552K, committed 64000K, reserved 1114112K
  class space    used 6292K, committed 6912K, reserved 1048576K
}
Event: 118.795 GC heap after
{Heap after GC invocations=1048 (full 3):
 PSYoungGen      total 6656K, used 512K [0x00000000d5580000, 0x00000000d5e80000, 0x0000000100000000)
  eden space 6144K, 0% used [0x00000000d5580000,0x00000000d5580000,0x00000000d5b80000)
  from space 512K, 100% used [0x00000000d5c00000,0x00000000d5c80000,0x00000000d5c80000)
  to   space 1536K, 0% used [0x00000000d5d00000,0x00000000d5d00000,0x00000000d5e80000)
 ParOldGen       total 1331200K, used 1330603K [0x0000000080000000, 0x00000000d1400000, 0x00000000d5580000)
  object space 1331200K, 99% used [0x0000000080000000,0x00000000d136ad68,0x00000000d1400000)
 Metaspace       used 62552K, committed 64000K, reserved 1114112K
  class space    used 6292K, committed 6912K, reserved 1048576K
}
Event: 118.865 GC heap before
{Heap before GC invocations=1049 (full 3):
 PSYoungGen      total 6656K, used 6656K [0x00000000d5580000, 0x00000000d5e80000, 0x0000000100000000)
  eden space 6144K, 100% used [0x00000000d5580000,0x00000000d5b80000,0x00000000d5b80000)
  from space 512K, 100% used [0x00000000d5c00000,0x00000000d5c80000,0x00000000d5c80000)
  to   space 1536K, 0% used [0x00000000d5d00000,0x00000000d5d00000,0x00000000d5e80000)
 ParOldGen       total 1338368K, used 1336937K [0x0000000080000000, 0x00000000d1b00000, 0x00000000d5580000)
  object space 1338368K, 99% used [0x0000000080000000,0x00000000d199a5b8,0x00000000d1b00000)
 Metaspace       used 62578K, committed 64000K, reserved 1114112K
  class space    used 6292K, committed 6912K, reserved 1048576K
}
Event: 118.870 GC heap after
{Heap after GC invocations=1049 (full 3):
 PSYoungGen      total 7168K, used 672K [0x00000000d5580000, 0x00000000d5e00000, 0x0000000100000000)
  eden space 6144K, 0% used [0x00000000d5580000,0x00000000d5580000,0x00000000d5b80000)
  from space 1024K, 65% used [0x00000000d5d00000,0x00000000d5da8000,0x00000000d5e00000)
  to   space 1024K, 0% used [0x00000000d5c00000,0x00000000d5c00000,0x00000000d5d00000)
 ParOldGen       total 1338368K, used 1337445K [0x0000000080000000, 0x00000000d1b00000, 0x00000000d5580000)
  object space 1338368K, 99% used [0x0000000080000000,0x00000000d1a195c8,0x00000000d1b00000)
 Metaspace       used 62578K, committed 64000K, reserved 1114112K
  class space    used 6292K, committed 6912K, reserved 1048576K
}
Event: 118.900 GC heap before
{Heap before GC invocations=1050 (full 3):
 PSYoungGen      total 7168K, used 5389K [0x00000000d5580000, 0x00000000d5e00000, 0x0000000100000000)
  eden space 6144K, 76% used [0x00000000d5580000,0x00000000d5a1b4e0,0x00000000d5b80000)
  from space 1024K, 65% used [0x00000000d5d00000,0x00000000d5da8000,0x00000000d5e00000)
  to   space 1024K, 0% used [0x00000000d5c00000,0x00000000d5c00000,0x00000000d5d00000)
 ParOldGen       total 1341952K, used 1340612K [0x0000000080000000, 0x00000000d1e80000, 0x00000000d5580000)
  object space 1341952K, 99% used [0x0000000080000000,0x00000000d1d311f0,0x00000000d1e80000)
 Metaspace       used 62578K, committed 64000K, reserved 1114112K
  class space    used 6292K, committed 6912K, reserved 1048576K
}
Event: 118.903 GC heap after
{Heap after GC invocations=1050 (full 3):
 PSYoungGen      total 7168K, used 640K [0x00000000d5580000, 0x00000000d5d80000, 0x0000000100000000)
  eden space 6144K, 0% used [0x00000000d5580000,0x00000000d5580000,0x00000000d5b80000)
  from space 1024K, 62% used [0x00000000d5c00000,0x00000000d5ca0000,0x00000000d5d00000)
  to   space 512K, 0% used [0x00000000d5d00000,0x00000000d5d00000,0x00000000d5d80000)
 ParOldGen       total 1341952K, used 1341053K [0x0000000080000000, 0x00000000d1e80000, 0x00000000d5580000)
  object space 1341952K, 99% used [0x0000000080000000,0x00000000d1d9f5e0,0x00000000d1e80000)
 Metaspace       used 62578K, committed 64000K, reserved 1114112K
  class space    used 6292K, committed 6912K, reserved 1048576K
}

