# JRE version: OpenJDK Runtime Environment Temurin-21.0.8+9 (21.0.8+9) (build 21.0.8+9-LTS)
# Java VM: OpenJDK 64-Bit Server VM Temurin-21.0.8+9 (21.0.8+9-LTS, mixed mode, sharing, tiered, compressed oops, compressed class ptrs, parallel gc, windows-amd64)
GC Precious Log:
 CardTable entry size: 512
 CPUs: 20 total, 20 available
 Memory: 14268M
 Large Page Support: Disabled
 NUMA Support: Disabled
 Compressed Oops: Enabled (32-bit)
 Alignments: Space 512K, Generation 512K, Heap 2M
 Heap Min Capacity: 100M
 Heap Initial Capacity: 100M
 Heap Max Capacity: 2G
 Pre-touch: Disabled
 Parallel Workers: 15
Heap:
 PSYoungGen      total 2048K, used 1435K [0x00000000d5580000, 0x00000000d5880000, 0x0000000100000000)
  eden space 1024K, 93% used [0x00000000d5580000,0x00000000d566ee60,0x00000000d5680000)
  from space 1024K, 46% used [0x00000000d5680000,0x00000000d56f8000,0x00000000d5780000)
  to   space 1024K, 0% used [0x00000000d5780000,0x00000000d5780000,0x00000000d5880000)
 ParOldGen       total 1145856K, used 1144651K [0x0000000080000000, 0x00000000c5f00000, 0x00000000d5580000)
  object space 1145856K, 99% used [0x0000000080000000,0x00000000c5dd2c80,0x00000000c5f00000)
 Metaspace       used 59828K, committed 61184K, reserved 1114112K
  class space    used 6052K, committed 6592K, reserved 1048576K
GC Heap History (20 events):
Event: 21.235 GC heap before
{Heap before GC invocations=522 (full 3):
 PSYoungGen      total 1536K, used 1507K [0x00000000d5580000, 0x00000000d5880000, 0x0000000100000000)
  eden space 1024K, 98% used [0x00000000d5580000,0x00000000d567b388,0x00000000d5680000)
  from space 512K, 98% used [0x00000000d5700000,0x00000000d577d898,0x00000000d5780000)
  to   space 1024K, 0% used [0x00000000d5780000,0x00000000d5780000,0x00000000d5880000)
 ParOldGen       total 1094144K, used 1093367K [0x0000000080000000, 0x00000000c2c80000, 0x00000000d5580000)
  object space 1094144K, 99% used [0x0000000080000000,0x00000000c2bbdf98,0x00000000c2c80000)
 Metaspace       used 59827K, committed 61184K, reserved 1114112K
  class space    used 6052K, committed 6592K, reserved 1048576K
}
Event: 21.239 GC heap after
{Heap after GC invocations=522 (full 3):
 PSYoungGen      total 2048K, used 534K [0x00000000d5580000, 0x00000000d5880000, 0x0000000100000000)
  eden space 1024K, 0% used [0x00000000d5580000,0x00000000d5580000,0x00000000d5680000)
  from space 1024K, 52% used [0x00000000d5780000,0x00000000d5805898,0x00000000d5880000)
  to   space 1024K, 0% used [0x00000000d5680000,0x00000000d5680000,0x00000000d5780000)
 ParOldGen       total 1094144K, used 1093496K [0x0000000080000000, 0x00000000c2c80000, 0x00000000d5580000)
  object space 1094144K, 99% used [0x0000000080000000,0x00000000c2bde3a8,0x00000000c2c80000)
 Metaspace       used 59827K, committed 61184K, reserved 1114112K
  class space    used 6052K, committed 6592K, reserved 1048576K
}
Event: 21.265 GC heap before
{Heap before GC invocations=523 (full 3):
 PSYoungGen      total 2048K, used 1494K [0x00000000d5580000, 0x00000000d5880000, 0x0000000100000000)
  eden space 1024K, 93% used [0x00000000d5580000,0x00000000d56702e0,0x00000000d5680000)
  from space 1024K, 52% used [0x00000000d5780000,0x00000000d5805898,0x00000000d5880000)
  to   space 1024K, 0% used [0x00000000d5680000,0x00000000d5680000,0x00000000d5780000)
 ParOldGen       total 1101824K, used 1100585K [0x0000000080000000, 0x00000000c3400000, 0x00000000d5580000)
  object space 1101824K, 99% used [0x0000000080000000,0x00000000c32ca400,0x00000000c3400000)
 Metaspace       used 59827K, committed 61184K, reserved 1114112K
  class space    used 6052K, committed 6592K, reserved 1048576K
}
Event: 21.267 GC heap after
{Heap after GC invocations=523 (full 3):
 PSYoungGen      total 2048K, used 416K [0x00000000d5580000, 0x00000000d5800000, 0x0000000100000000)
  eden space 1024K, 0% used [0x00000000d5580000,0x00000000d5580000,0x00000000d5680000)
  from space 1024K, 40% used [0x00000000d5680000,0x00000000d56e8000,0x00000000d5780000)
  to   space 512K, 0% used [0x00000000d5780000,0x00000000d5780000,0x00000000d5800000)
 ParOldGen       total 1101824K, used 1100697K [0x0000000080000000, 0x00000000c3400000, 0x00000000d5580000)
  object space 1101824K, 99% used [0x0000000080000000,0x00000000c32e6400,0x00000000c3400000)
 Metaspace       used 59827K, committed 61184K, reserved 1114112K
  class space    used 6052K, committed 6592K, reserved 1048576K
}
Event: 21.293 GC heap before
{Heap before GC invocations=524 (full 3):
 PSYoungGen      total 2048K, used 1365K [0x00000000d5580000, 0x00000000d5800000, 0x0000000100000000)
  eden space 1024K, 92% used [0x00000000d5580000,0x00000000d566d4f8,0x00000000d5680000)
  from space 1024K, 40% used [0x00000000d5680000,0x00000000d56e8000,0x00000000d5780000)
  to   space 512K, 0% used [0x00000000d5780000,0x00000000d5780000,0x00000000d5800000)
 ParOldGen       total 1106432K, used 1106367K [0x0000000080000000, 0x00000000c3880000, 0x00000000d5580000)
  object space 1106432K, 99% used [0x0000000080000000,0x00000000c386fde0,0x00000000c3880000)
 Metaspace       used 59827K, committed 61184K, reserved 1114112K
  class space    used 6052K, committed 6592K, reserved 1048576K
}
Event: 21.296 GC heap after
{Heap after GC invocations=524 (full 3):
 PSYoungGen      total 1536K, used 416K [0x00000000d5580000, 0x00000000d5800000, 0x0000000100000000)
  eden space 1024K, 0% used [0x00000000d5580000,0x00000000d5580000,0x00000000d5680000)
  from space 512K, 81% used [0x00000000d5780000,0x00000000d57e8000,0x00000000d5800000)
  to   space 512K, 0% used [0x00000000d5700000,0x00000000d5700000,0x00000000d5780000)
 ParOldGen       total 1106944K, used 1106463K [0x0000000080000000, 0x00000000c3900000, 0x00000000d5580000)
  object space 1106944K, 99% used [0x0000000080000000,0x00000000c3887de0,0x00000000c3900000)
 Metaspace       used 59827K, committed 61184K, reserved 1114112K
  class space    used 6052K, committed 6592K, reserved 1048576K
}
Event: 21.323 GC heap before
{Heap before GC invocations=525 (full 3):
 PSYoungGen      total 1536K, used 1432K [0x00000000d5580000, 0x00000000d5800000, 0x0000000100000000)
  eden space 1024K, 99% used [0x00000000d5580000,0x00000000d567e3d8,0x00000000d5680000)
  from space 512K, 81% used [0x00000000d5780000,0x00000000d57e8000,0x00000000d5800000)
  to   space 512K, 0% used [0x00000000d5700000,0x00000000d5700000,0x00000000d5780000)
 ParOldGen       total 1113088K, used 1112133K [0x0000000080000000, 0x00000000c3f00000, 0x00000000d5580000)
  object space 1113088K, 99% used [0x0000000080000000,0x00000000c3e117c0,0x00000000c3f00000)
 Metaspace       used 59827K, committed 61184K, reserved 1114112K
  class space    used 6052K, committed 6592K, reserved 1048576K
}
Event: 21.326 GC heap after
{Heap after GC invocations=525 (full 3):
 PSYoungGen      total 1536K, used 416K [0x00000000d5580000, 0x00000000d5800000, 0x0000000100000000)
  eden space 1024K, 0% used [0x00000000d5580000,0x00000000d5580000,0x00000000d5680000)
  from space 512K, 81% used [0x00000000d5700000,0x00000000d5768000,0x00000000d5780000)
  to   space 512K, 0% used [0x00000000d5780000,0x00000000d5780000,0x00000000d5800000)
 ParOldGen       total 1113088K, used 1112245K [0x0000000080000000, 0x00000000c3f00000, 0x00000000d5580000)
  object space 1113088K, 99% used [0x0000000080000000,0x00000000c3e2d7c0,0x00000000c3f00000)
 Metaspace       used 59827K, committed 61184K, reserved 1114112K
  class space    used 6052K, committed 6592K, reserved 1048576K
}
Event: 21.354 GC heap before
{Heap before GC invocations=526 (full 3):
 PSYoungGen      total 1536K, used 1317K [0x00000000d5580000, 0x00000000d5800000, 0x0000000100000000)
  eden space 1024K, 88% used [0x00000000d5580000,0x00000000d56616e0,0x00000000d5680000)
  from space 512K, 81% used [0x00000000d5700000,0x00000000d5768000,0x00000000d5780000)
  to   space 512K, 0% used [0x00000000d5780000,0x00000000d5780000,0x00000000d5800000)
 ParOldGen       total 1119232K, used 1117916K [0x0000000080000000, 0x00000000c4500000, 0x00000000d5580000)
  object space 1119232K, 99% used [0x0000000080000000,0x00000000c43b71a0,0x00000000c4500000)
 Metaspace       used 59827K, committed 61184K, reserved 1114112K
  class space    used 6052K, committed 6592K, reserved 1048576K
}
Event: 21.357 GC heap after
{Heap after GC invocations=526 (full 3):
 PSYoungGen      total 1536K, used 384K [0x00000000d5580000, 0x00000000d5800000, 0x0000000100000000)
  eden space 1024K, 0% used [0x00000000d5580000,0x00000000d5580000,0x00000000d5680000)
  from space 512K, 75% used [0x00000000d5780000,0x00000000d57e0000,0x00000000d5800000)
  to   space 512K, 0% used [0x00000000d5700000,0x00000000d5700000,0x00000000d5780000)
 ParOldGen       total 1119232K, used 1118028K [0x0000000080000000, 0x00000000c4500000, 0x00000000d5580000)
  object space 1119232K, 99% used [0x0000000080000000,0x00000000c43d31a0,0x00000000c4500000)
 Metaspace       used 59827K, committed 61184K, reserved 1114112K
  class space    used 6052K, committed 6592K, reserved 1048576K
}
Event: 21.390 GC heap before
{Heap before GC invocations=527 (full 3):
 PSYoungGen      total 1536K, used 1295K [0x00000000d5580000, 0x00000000d5800000, 0x0000000100000000)
  eden space 1024K, 88% used [0x00000000d5580000,0x00000000d5663cf0,0x00000000d5680000)
  from space 512K, 75% used [0x00000000d5780000,0x00000000d57e0000,0x00000000d5800000)
  to   space 512K, 0% used [0x00000000d5700000,0x00000000d5700000,0x00000000d5780000)
 ParOldGen       total 1124352K, used 1124030K [0x0000000080000000, 0x00000000c4a00000, 0x00000000d5580000)
  object space 1124352K, 99% used [0x0000000080000000,0x00000000c49afab8,0x00000000c4a00000)
 Metaspace       used 59828K, committed 61184K, reserved 1114112K
  class space    used 6052K, committed 6592K, reserved 1048576K
}
Event: 21.393 GC heap after
{Heap after GC invocations=527 (full 3):
 PSYoungGen      total 1536K, used 448K [0x00000000d5580000, 0x00000000d5800000, 0x0000000100000000)
  eden space 1024K, 0% used [0x00000000d5580000,0x00000000d5580000,0x00000000d5680000)
  from space 512K, 87% used [0x00000000d5700000,0x00000000d5770000,0x00000000d5780000)
  to   space 512K, 0% used [0x00000000d5780000,0x00000000d5780000,0x00000000d5800000)
 ParOldGen       total 1124352K, used 1124158K [0x0000000080000000, 0x00000000c4a00000, 0x00000000d5580000)
  object space 1124352K, 99% used [0x0000000080000000,0x00000000c49cfab8,0x00000000c4a00000)
 Metaspace       used 59828K, committed 61184K, reserved 1114112K
  class space    used 6052K, committed 6592K, reserved 1048576K
}
Event: 21.413 GC heap before
{Heap before GC invocations=528 (full 3):
 PSYoungGen      total 1536K, used 1337K [0x00000000d5580000, 0x00000000d5800000, 0x0000000100000000)
  eden space 1024K, 86% used [0x00000000d5580000,0x00000000d565e768,0x00000000d5680000)
  from space 512K, 87% used [0x00000000d5700000,0x00000000d5770000,0x00000000d5780000)
  to   space 512K, 0% used [0x00000000d5780000,0x00000000d5780000,0x00000000d5800000)
 ParOldGen       total 1128960K, used 1128411K [0x0000000080000000, 0x00000000c4e80000, 0x00000000d5580000)
  object space 1128960K, 99% used [0x0000000080000000,0x00000000c4df6e20,0x00000000c4e80000)
 Metaspace       used 59828K, committed 61184K, reserved 1114112K
  class space    used 6052K, committed 6592K, reserved 1048576K
}
Event: 21.415 GC heap after
{Heap after GC invocations=528 (full 3):
 PSYoungGen      total 1536K, used 416K [0x00000000d5580000, 0x00000000d5800000, 0x0000000100000000)
  eden space 1024K, 0% used [0x00000000d5580000,0x00000000d5580000,0x00000000d5680000)
  from space 512K, 81% used [0x00000000d5780000,0x00000000d57e8000,0x00000000d5800000)
  to   space 512K, 0% used [0x00000000d5700000,0x00000000d5700000,0x00000000d5780000)
 ParOldGen       total 1128960K, used 1128507K [0x0000000080000000, 0x00000000c4e80000, 0x00000000d5580000)
  object space 1128960K, 99% used [0x0000000080000000,0x00000000c4e0ee20,0x00000000c4e80000)
 Metaspace       used 59828K, committed 61184K, reserved 1114112K
  class space    used 6052K, committed 6592K, reserved 1048576K
}
Event: 21.432 GC heap before
{Heap before GC invocations=529 (full 3):
 PSYoungGen      total 1536K, used 1356K [0x00000000d5580000, 0x00000000d5800000, 0x0000000100000000)
  eden space 1024K, 91% used [0x00000000d5580000,0x00000000d566b150,0x00000000d5680000)
  from space 512K, 81% used [0x00000000d5780000,0x00000000d57e8000,0x00000000d5800000)
  to   space 512K, 0% used [0x00000000d5700000,0x00000000d5700000,0x00000000d5780000)
 ParOldGen       total 1133568K, used 1132760K [0x0000000080000000, 0x00000000c5300000, 0x00000000d5580000)
  object space 1133568K, 99% used [0x0000000080000000,0x00000000c5236188,0x00000000c5300000)
 Metaspace       used 59828K, committed 61184K, reserved 1114112K
  class space    used 6052K, committed 6592K, reserved 1048576K
}
Event: 21.436 GC heap after
{Heap after GC invocations=529 (full 3):
 PSYoungGen      total 1536K, used 320K [0x00000000d5580000, 0x00000000d5800000, 0x0000000100000000)
  eden space 1024K, 0% used [0x00000000d5580000,0x00000000d5580000,0x00000000d5680000)
  from space 512K, 62% used [0x00000000d5700000,0x00000000d5750000,0x00000000d5780000)
  to   space 512K, 0% used [0x00000000d5780000,0x00000000d5780000,0x00000000d5800000)
 ParOldGen       total 1133568K, used 1132901K [0x0000000080000000, 0x00000000c5300000, 0x00000000d5580000)
  object space 1133568K, 99% used [0x0000000080000000,0x00000000c5259430,0x00000000c5300000)
 Metaspace       used 59828K, committed 61184K, reserved 1114112K
  class space    used 6052K, committed 6592K, reserved 1048576K
}
Event: 21.456 GC heap before
{Heap before GC invocations=530 (full 3):
 PSYoungGen      total 1536K, used 1344K [0x00000000d5580000, 0x00000000d5800000, 0x0000000100000000)
  eden space 1024K, 100% used [0x00000000d5580000,0x00000000d5680000,0x00000000d5680000)
  from space 512K, 62% used [0x00000000d5700000,0x00000000d5750000,0x00000000d5780000)
  to   space 512K, 0% used [0x00000000d5780000,0x00000000d5780000,0x00000000d5800000)
 ParOldGen       total 1136640K, used 1135736K [0x0000000080000000, 0x00000000c5600000, 0x00000000d5580000)
  object space 1136640K, 99% used [0x0000000080000000,0x00000000c551e120,0x00000000c5600000)
 Metaspace       used 59828K, committed 61184K, reserved 1114112K
  class space    used 6052K, committed 6592K, reserved 1048576K
}
Event: 21.459 GC heap after
{Heap after GC invocations=530 (full 3):
 PSYoungGen      total 1536K, used 488K [0x00000000d5580000, 0x00000000d5880000, 0x0000000100000000)
  eden space 1024K, 0% used [0x00000000d5580000,0x00000000d5580000,0x00000000d5680000)
  from space 512K, 95% used [0x00000000d5780000,0x00000000d57fa308,0x00000000d5800000)
  to   space 1024K, 0% used [0x00000000d5680000,0x00000000d5680000,0x00000000d5780000)
 ParOldGen       total 1136640K, used 1135919K [0x0000000080000000, 0x00000000c5600000, 0x00000000d5580000)
  object space 1136640K, 99% used [0x0000000080000000,0x00000000c554bc28,0x00000000c5600000)
 Metaspace       used 59828K, committed 61184K, reserved 1114112K
  class space    used 6052K, committed 6592K, reserved 1048576K
}
Event: 21.538 GC heap before
{Heap before GC invocations=531 (full 3):
 PSYoungGen      total 1536K, used 1497K [0x00000000d5580000, 0x00000000d5880000, 0x0000000100000000)
  eden space 1024K, 98% used [0x00000000d5580000,0x00000000d567c3b0,0x00000000d5680000)
  from space 512K, 95% used [0x00000000d5780000,0x00000000d57fa308,0x00000000d5800000)
  to   space 1024K, 0% used [0x00000000d5680000,0x00000000d5680000,0x00000000d5780000)
 ParOldGen       total 1142784K, used 1141589K [0x0000000080000000, 0x00000000c5c00000, 0x00000000d5580000)
  object space 1142784K, 99% used [0x0000000080000000,0x00000000c5ad5608,0x00000000c5c00000)
 Metaspace       used 59828K, committed 61184K, reserved 1114112K
  class space    used 6052K, committed 6592K, reserved 1048576K
}
Event: 21.542 GC heap after
{Heap after GC invocations=531 (full 3):
 PSYoungGen      total 2048K, used 480K [0x00000000d5580000, 0x00000000d5880000, 0x0000000100000000)
  eden space 1024K, 0% used [0x00000000d5580000,0x00000000d5580000,0x00000000d5680000)
  from space 1024K, 46% used [0x00000000d5680000,0x00000000d56f8000,0x00000000d5780000)
  to   space 1024K, 0% used [0x00000000d5780000,0x00000000d5780000,0x00000000d5880000)
 ParOldGen       total 1142784K, used 1141815K [0x0000000080000000, 0x00000000c5c00000, 0x00000000d5580000)
  object space 1142784K, 99% used [0x0000000080000000,0x00000000c5b0df90,0x00000000c5c00000)
 Metaspace       used 59828K, committed 61184K, reserved 1114112K
  class space    used 6052K, committed 6592K, reserved 1048576K
}

