# JRE version: OpenJDK Runtime Environment Temurin-21.0.8+9 (21.0.8+9) (build 21.0.8+9-LTS)
# Java VM: OpenJDK 64-Bit Server VM Temurin-21.0.8+9 (21.0.8+9-LTS, mixed mode, sharing, tiered, compressed oops, compressed class ptrs, parallel gc, windows-amd64)
GC Precious Log:
 CardTable entry size: 512
 CPUs: 20 total, 20 available
 Memory: 14268M
 Large Page Support: Disabled
 NUMA Support: Disabled
 Compressed Oops: Enabled (32-bit)
 Alignments: Space 512K, Generation 512K, Heap 2M
 Heap Min Capacity: 100M
 Heap Initial Capacity: 100M
 Heap Max Capacity: 2G
 Pre-touch: Disabled
 Parallel Workers: 15
Heap:
 PSYoungGen      total 22528K, used 22171K [0x00000000d5580000, 0x00000000d6f00000, 0x0000000100000000)
  eden space 19968K, 100% used [0x00000000d5580000,0x00000000d6900000,0x00000000d6900000)
  from space 2560K, 86% used [0x00000000d6c80000,0x00000000d6ea6c08,0x00000000d6f00000)
  to   space 2560K, 99% used [0x00000000d6a00000,0x00000000d6c7d8a0,0x00000000d6c80000)
 ParOldGen       total 71168K, used 70969K [0x0000000080000000, 0x0000000084580000, 0x00000000d5580000)
  object space 71168K, 99% used [0x0000000080000000,0x000000008454e5d8,0x0000000084580000)
 Metaspace       used 54442K, committed 55680K, reserved 1114112K
  class space    used 5888K, committed 6400K, reserved 1048576K
GC Heap History (20 events):
Event: 15.928 GC heap before
{Heap before GC invocations=28 (full 2):
 PSYoungGen      total 24576K, used 24337K [0x00000000d5580000, 0x00000000d7000000, 0x0000000100000000)
  eden space 22016K, 100% used [0x00000000d5580000,0x00000000d6b00000,0x00000000d6b00000)
  from space 2560K, 90% used [0x00000000d6c00000,0x00000000d6e44410,0x00000000d6e80000)
  to   space 1536K, 0% used [0x00000000d6e80000,0x00000000d6e80000,0x00000000d7000000)
 ParOldGen       total 68608K, used 37596K [0x0000000080000000, 0x0000000084300000, 0x00000000d5580000)
  object space 68608K, 54% used [0x0000000080000000,0x00000000824b7370,0x0000000084300000)
 Metaspace       used 54060K, committed 55296K, reserved 1114112K
  class space    used 5863K, committed 6336K, reserved 1048576K
}
Event: 15.933 GC heap after
{Heap after GC invocations=28 (full 2):
 PSYoungGen      total 22016K, used 1506K [0x00000000d5580000, 0x00000000d7500000, 0x0000000100000000)
  eden space 20480K, 0% used [0x00000000d5580000,0x00000000d5580000,0x00000000d6980000)
  from space 1536K, 98% used [0x00000000d6e80000,0x00000000d6ff8810,0x00000000d7000000)
  to   space 5120K, 0% used [0x00000000d6980000,0x00000000d6980000,0x00000000d6e80000)
 ParOldGen       total 68608K, used 40566K [0x0000000080000000, 0x0000000084300000, 0x00000000d5580000)
  object space 68608K, 59% used [0x0000000080000000,0x000000008279d8d0,0x0000000084300000)
 Metaspace       used 54060K, committed 55296K, reserved 1114112K
  class space    used 5863K, committed 6336K, reserved 1048576K
}
Event: 16.034 GC heap before
{Heap before GC invocations=29 (full 2):
 PSYoungGen      total 22016K, used 21986K [0x00000000d5580000, 0x00000000d7500000, 0x0000000100000000)
  eden space 20480K, 100% used [0x00000000d5580000,0x00000000d6980000,0x00000000d6980000)
  from space 1536K, 98% used [0x00000000d6e80000,0x00000000d6ff8810,0x00000000d7000000)
  to   space 5120K, 0% used [0x00000000d6980000,0x00000000d6980000,0x00000000d6e80000)
 ParOldGen       total 68608K, used 40570K [0x0000000080000000, 0x0000000084300000, 0x00000000d5580000)
  object space 68608K, 59% used [0x0000000080000000,0x000000008279e8e0,0x0000000084300000)
 Metaspace       used 54067K, committed 55296K, reserved 1114112K
  class space    used 5863K, committed 6336K, reserved 1048576K
}
Event: 16.038 GC heap after
{Heap after GC invocations=29 (full 2):
 PSYoungGen      total 22528K, used 2020K [0x00000000d5580000, 0x00000000d7100000, 0x0000000100000000)
  eden space 20480K, 0% used [0x00000000d5580000,0x00000000d5580000,0x00000000d6980000)
  from space 2048K, 98% used [0x00000000d6980000,0x00000000d6b79000,0x00000000d6b80000)
  to   space 3072K, 0% used [0x00000000d6e00000,0x00000000d6e00000,0x00000000d7100000)
 ParOldGen       total 68608K, used 41832K [0x0000000080000000, 0x0000000084300000, 0x00000000d5580000)
  object space 68608K, 60% used [0x0000000080000000,0x00000000828da2a0,0x0000000084300000)
 Metaspace       used 54067K, committed 55296K, reserved 1114112K
  class space    used 5863K, committed 6336K, reserved 1048576K
}
Event: 16.115 GC heap before
{Heap before GC invocations=30 (full 2):
 PSYoungGen      total 22528K, used 22500K [0x00000000d5580000, 0x00000000d7100000, 0x0000000100000000)
  eden space 20480K, 100% used [0x00000000d5580000,0x00000000d6980000,0x00000000d6980000)
  from space 2048K, 98% used [0x00000000d6980000,0x00000000d6b79000,0x00000000d6b80000)
  to   space 3072K, 0% used [0x00000000d6e00000,0x00000000d6e00000,0x00000000d7100000)
 ParOldGen       total 68608K, used 41850K [0x0000000080000000, 0x0000000084300000, 0x00000000d5580000)
  object space 68608K, 60% used [0x0000000080000000,0x00000000828deaf8,0x0000000084300000)
 Metaspace       used 54073K, committed 55296K, reserved 1114112K
  class space    used 5863K, committed 6336K, reserved 1048576K
}
Event: 16.120 GC heap after
{Heap after GC invocations=30 (full 2):
 PSYoungGen      total 22528K, used 1952K [0x00000000d5580000, 0x00000000d7000000, 0x0000000100000000)
  eden space 20480K, 0% used [0x00000000d5580000,0x00000000d5580000,0x00000000d6980000)
  from space 2048K, 95% used [0x00000000d6e00000,0x00000000d6fe8000,0x00000000d7000000)
  to   space 2560K, 0% used [0x00000000d6b00000,0x00000000d6b00000,0x00000000d6d80000)
 ParOldGen       total 68608K, used 43608K [0x0000000080000000, 0x0000000084300000, 0x00000000d5580000)
  object space 68608K, 63% used [0x0000000080000000,0x0000000082a96120,0x0000000084300000)
 Metaspace       used 54073K, committed 55296K, reserved 1114112K
  class space    used 5863K, committed 6336K, reserved 1048576K
}
Event: 16.249 GC heap before
{Heap before GC invocations=31 (full 2):
 PSYoungGen      total 22528K, used 22432K [0x00000000d5580000, 0x00000000d7000000, 0x0000000100000000)
  eden space 20480K, 100% used [0x00000000d5580000,0x00000000d6980000,0x00000000d6980000)
  from space 2048K, 95% used [0x00000000d6e00000,0x00000000d6fe8000,0x00000000d7000000)
  to   space 2560K, 0% used [0x00000000d6b00000,0x00000000d6b00000,0x00000000d6d80000)
 ParOldGen       total 68608K, used 43608K [0x0000000080000000, 0x0000000084300000, 0x00000000d5580000)
  object space 68608K, 63% used [0x0000000080000000,0x0000000082a96120,0x0000000084300000)
 Metaspace       used 54098K, committed 55296K, reserved 1114112K
  class space    used 5864K, committed 6336K, reserved 1048576K
}
Event: 16.256 GC heap after
{Heap after GC invocations=31 (full 2):
 PSYoungGen      total 22528K, used 1984K [0x00000000d5580000, 0x00000000d6e80000, 0x0000000100000000)
  eden space 20480K, 0% used [0x00000000d5580000,0x00000000d5580000,0x00000000d6980000)
  from space 2048K, 96% used [0x00000000d6b00000,0x00000000d6cf0010,0x00000000d6d00000)
  to   space 1536K, 0% used [0x00000000d6d00000,0x00000000d6d00000,0x00000000d6e80000)
 ParOldGen       total 68608K, used 45352K [0x0000000080000000, 0x0000000084300000, 0x00000000d5580000)
  object space 68608K, 66% used [0x0000000080000000,0x0000000082c4a120,0x0000000084300000)
 Metaspace       used 54098K, committed 55296K, reserved 1114112K
  class space    used 5864K, committed 6336K, reserved 1048576K
}
Event: 16.368 GC heap before
{Heap before GC invocations=32 (full 2):
 PSYoungGen      total 22528K, used 22464K [0x00000000d5580000, 0x00000000d6e80000, 0x0000000100000000)
  eden space 20480K, 100% used [0x00000000d5580000,0x00000000d6980000,0x00000000d6980000)
  from space 2048K, 96% used [0x00000000d6b00000,0x00000000d6cf0010,0x00000000d6d00000)
  to   space 1536K, 0% used [0x00000000d6d00000,0x00000000d6d00000,0x00000000d6e80000)
 ParOldGen       total 68608K, used 45352K [0x0000000080000000, 0x0000000084300000, 0x00000000d5580000)
  object space 68608K, 66% used [0x0000000080000000,0x0000000082c4a120,0x0000000084300000)
 Metaspace       used 54114K, committed 55296K, reserved 1114112K
  class space    used 5864K, committed 6336K, reserved 1048576K
}
Event: 16.374 GC heap after
{Heap after GC invocations=32 (full 2):
 PSYoungGen      total 21504K, used 1528K [0x00000000d5580000, 0x00000000d7180000, 0x0000000100000000)
  eden space 19968K, 0% used [0x00000000d5580000,0x00000000d5580000,0x00000000d6900000)
  from space 1536K, 99% used [0x00000000d6d00000,0x00000000d6e7e200,0x00000000d6e80000)
  to   space 4096K, 0% used [0x00000000d6900000,0x00000000d6900000,0x00000000d6d00000)
 ParOldGen       total 68608K, used 47440K [0x0000000080000000, 0x0000000084300000, 0x00000000d5580000)
  object space 68608K, 69% used [0x0000000080000000,0x0000000082e54130,0x0000000084300000)
 Metaspace       used 54114K, committed 55296K, reserved 1114112K
  class space    used 5864K, committed 6336K, reserved 1048576K
}
Event: 16.498 GC heap before
{Heap before GC invocations=33 (full 2):
 PSYoungGen      total 21504K, used 21496K [0x00000000d5580000, 0x00000000d7180000, 0x0000000100000000)
  eden space 19968K, 100% used [0x00000000d5580000,0x00000000d6900000,0x00000000d6900000)
  from space 1536K, 99% used [0x00000000d6d00000,0x00000000d6e7e200,0x00000000d6e80000)
  to   space 4096K, 0% used [0x00000000d6900000,0x00000000d6900000,0x00000000d6d00000)
 ParOldGen       total 68608K, used 47440K [0x0000000080000000, 0x0000000084300000, 0x00000000d5580000)
  object space 68608K, 69% used [0x0000000080000000,0x0000000082e54130,0x0000000084300000)
 Metaspace       used 54267K, committed 55488K, reserved 1114112K
  class space    used 5878K, committed 6400K, reserved 1048576K
}
Event: 16.504 GC heap after
{Heap after GC invocations=33 (full 2):
 PSYoungGen      total 24064K, used 4095K [0x00000000d5580000, 0x00000000d7600000, 0x0000000100000000)
  eden space 19968K, 0% used [0x00000000d5580000,0x00000000d5580000,0x00000000d6900000)
  from space 4096K, 99% used [0x00000000d6900000,0x00000000d6cffc28,0x00000000d6d00000)
  to   space 6656K, 0% used [0x00000000d6f80000,0x00000000d6f80000,0x00000000d7600000)
 ParOldGen       total 68608K, used 49381K [0x0000000080000000, 0x0000000084300000, 0x00000000d5580000)
  object space 68608K, 71% used [0x0000000080000000,0x0000000083039548,0x0000000084300000)
 Metaspace       used 54267K, committed 55488K, reserved 1114112K
  class space    used 5878K, committed 6400K, reserved 1048576K
}
Event: 16.651 GC heap before
{Heap before GC invocations=34 (full 2):
 PSYoungGen      total 24064K, used 24063K [0x00000000d5580000, 0x00000000d7600000, 0x0000000100000000)
  eden space 19968K, 100% used [0x00000000d5580000,0x00000000d6900000,0x00000000d6900000)
  from space 4096K, 99% used [0x00000000d6900000,0x00000000d6cffc28,0x00000000d6d00000)
  to   space 6656K, 0% used [0x00000000d6f80000,0x00000000d6f80000,0x00000000d7600000)
 ParOldGen       total 68608K, used 49381K [0x0000000080000000, 0x0000000084300000, 0x00000000d5580000)
  object space 68608K, 71% used [0x0000000080000000,0x0000000083039548,0x0000000084300000)
 Metaspace       used 54269K, committed 55488K, reserved 1114112K
  class space    used 5878K, committed 6400K, reserved 1048576K
}
Event: 16.655 GC heap after
{Heap after GC invocations=34 (full 2):
 PSYoungGen      total 22528K, used 2412K [0x00000000d5580000, 0x00000000d7200000, 0x0000000100000000)
  eden space 19968K, 0% used [0x00000000d5580000,0x00000000d5580000,0x00000000d6900000)
  from space 2560K, 94% used [0x00000000d6f80000,0x00000000d71db008,0x00000000d7200000)
  to   space 4096K, 0% used [0x00000000d6a00000,0x00000000d6a00000,0x00000000d6e00000)
 ParOldGen       total 68608K, used 53379K [0x0000000080000000, 0x0000000084300000, 0x00000000d5580000)
  object space 68608K, 77% used [0x0000000080000000,0x0000000083420e60,0x0000000084300000)
 Metaspace       used 54269K, committed 55488K, reserved 1114112K
  class space    used 5878K, committed 6400K, reserved 1048576K
}
Event: 16.780 GC heap before
{Heap before GC invocations=35 (full 2):
 PSYoungGen      total 22528K, used 22380K [0x00000000d5580000, 0x00000000d7200000, 0x0000000100000000)
  eden space 19968K, 100% used [0x00000000d5580000,0x00000000d6900000,0x00000000d6900000)
  from space 2560K, 94% used [0x00000000d6f80000,0x00000000d71db008,0x00000000d7200000)
  to   space 4096K, 0% used [0x00000000d6a00000,0x00000000d6a00000,0x00000000d6e00000)
 ParOldGen       total 68608K, used 53379K [0x0000000080000000, 0x0000000084300000, 0x00000000d5580000)
  object space 68608K, 77% used [0x0000000080000000,0x0000000083420e60,0x0000000084300000)
 Metaspace       used 54271K, committed 55488K, reserved 1114112K
  class space    used 5878K, committed 6400K, reserved 1048576K
}
Event: 16.784 GC heap after
{Heap after GC invocations=35 (full 2):
 PSYoungGen      total 22528K, used 2488K [0x00000000d5580000, 0x00000000d7000000, 0x0000000100000000)
  eden space 19968K, 0% used [0x00000000d5580000,0x00000000d5580000,0x00000000d6900000)
  from space 2560K, 97% used [0x00000000d6a00000,0x00000000d6c6e008,0x00000000d6c80000)
  to   space 3072K, 0% used [0x00000000d6d00000,0x00000000d6d00000,0x00000000d7000000)
 ParOldGen       total 68608K, used 55396K [0x0000000080000000, 0x0000000084300000, 0x00000000d5580000)
  object space 68608K, 80% used [0x0000000080000000,0x0000000083619270,0x0000000084300000)
 Metaspace       used 54271K, committed 55488K, reserved 1114112K
  class space    used 5878K, committed 6400K, reserved 1048576K
}
Event: 16.882 GC heap before
{Heap before GC invocations=36 (full 2):
 PSYoungGen      total 22528K, used 22456K [0x00000000d5580000, 0x00000000d7000000, 0x0000000100000000)
  eden space 19968K, 100% used [0x00000000d5580000,0x00000000d6900000,0x00000000d6900000)
  from space 2560K, 97% used [0x00000000d6a00000,0x00000000d6c6e008,0x00000000d6c80000)
  to   space 3072K, 0% used [0x00000000d6d00000,0x00000000d6d00000,0x00000000d7000000)
 ParOldGen       total 68608K, used 55396K [0x0000000080000000, 0x0000000084300000, 0x00000000d5580000)
  object space 68608K, 80% used [0x0000000080000000,0x0000000083619270,0x0000000084300000)
 Metaspace       used 54271K, committed 55488K, reserved 1114112K
  class space    used 5878K, committed 6400K, reserved 1048576K
}
Event: 16.885 GC heap after
{Heap after GC invocations=36 (full 2):
 PSYoungGen      total 22528K, used 2080K [0x00000000d5580000, 0x00000000d6f80000, 0x0000000100000000)
  eden space 19968K, 0% used [0x00000000d5580000,0x00000000d5580000,0x00000000d6900000)
  from space 2560K, 81% used [0x00000000d6d00000,0x00000000d6f08000,0x00000000d6f80000)
  to   space 2560K, 0% used [0x00000000d6a00000,0x00000000d6a00000,0x00000000d6c80000)
 ParOldGen       total 68608K, used 57535K [0x0000000080000000, 0x0000000084300000, 0x00000000d5580000)
  object space 68608K, 83% used [0x0000000080000000,0x000000008382fd98,0x0000000084300000)
 Metaspace       used 54271K, committed 55488K, reserved 1114112K
  class space    used 5878K, committed 6400K, reserved 1048576K
}
Event: 16.965 GC heap before
{Heap before GC invocations=37 (full 2):
 PSYoungGen      total 22528K, used 22048K [0x00000000d5580000, 0x00000000d6f80000, 0x0000000100000000)
  eden space 19968K, 100% used [0x00000000d5580000,0x00000000d6900000,0x00000000d6900000)
  from space 2560K, 81% used [0x00000000d6d00000,0x00000000d6f08000,0x00000000d6f80000)
  to   space 2560K, 0% used [0x00000000d6a00000,0x00000000d6a00000,0x00000000d6c80000)
 ParOldGen       total 68608K, used 57535K [0x0000000080000000, 0x0000000084300000, 0x00000000d5580000)
  object space 68608K, 83% used [0x0000000080000000,0x000000008382fd98,0x0000000084300000)
 Metaspace       used 54271K, committed 55488K, reserved 1114112K
  class space    used 5878K, committed 6400K, reserved 1048576K
}
Event: 16.967 GC heap after
{Heap after GC invocations=37 (full 2):
 PSYoungGen      total 22528K, used 2130K [0x00000000d5580000, 0x00000000d6e00000, 0x0000000100000000)
  eden space 19968K, 0% used [0x00000000d5580000,0x00000000d5580000,0x00000000d6900000)
  from space 2560K, 83% used [0x00000000d6a00000,0x00000000d6c14808,0x00000000d6c80000)
  to   space 1536K, 0% used [0x00000000d6c80000,0x00000000d6c80000,0x00000000d6e00000)
 ParOldGen       total 68608K, used 59367K [0x0000000080000000, 0x0000000084300000, 0x00000000d5580000)
  object space 68608K, 86% used [0x0000000080000000,0x00000000839f9d98,0x0000000084300000)
 Metaspace       used 54271K, committed 55488K, reserved 1114112K
  class space    used 5878K, committed 6400K, reserved 1048576K
}

